[2023-02-23T08:32:17.562] [INFO] default - Database connected successfully.
[2023-02-23T08:32:17.579] [INFO] default - Server up in http://localhost:5000 - MODE: development
[2023-02-23T12:35:05.469] [INFO] default - Database connected successfully.
[2023-02-23T12:35:05.487] [INFO] default - Server up in http://localhost:5000 - MODE: development
[2023-02-23T15:43:00.821] [INFO] default - Database connected successfully.
[2023-02-23T15:43:00.841] [INFO] default - Server up in http://localhost:5000 - MODE: development
[2023-02-23T15:49:28.901] [INFO] default - Database connected successfully.
[2023-02-23T15:49:28.910] [INFO] default - Server up in http://localhost:5000 - MODE: development
[2023-02-23T15:58:06.127] [INFO] default - Database connected successfully.
[2023-02-23T15:58:06.143] [INFO] default - Server up in http://localhost:5000 - MODE: development
[2023-02-23T16:01:42.226] [INFO] default - Database connected successfully.
[2023-02-23T16:01:42.243] [INFO] default - Server up in http://localhost:5000 - MODE: development
[2023-02-23T16:06:42.849] [INFO] default - Database connected successfully.
[2023-02-23T16:06:42.865] [INFO] default - Server up in http://localhost:5000 - MODE: development
[2023-02-23T16:33:36.113] [INFO] default - Database connected successfully.
[2023-02-23T16:33:36.154] [INFO] default - Server up in http://localhost:5000 - MODE: development
[2023-02-23T16:49:12.915] [INFO] default - Database connected successfully.
[2023-02-23T16:49:12.925] [INFO] default - Server up in http://localhost:5000 - MODE: development
[2023-02-23T17:35:12.558] [INFO] default - Database connected successfully.
[2023-02-23T17:35:12.571] [INFO] default - Server up in http://localhost:5000 - MODE: development
[2023-02-24T08:46:33.644] [INFO] default - Database connected successfully.
[2023-02-24T08:46:33.663] [INFO] default - Server up in http://localhost:5000 - MODE: development
[2023-02-24T08:47:28.164] [INFO] default - Database connected successfully.
[2023-02-24T08:47:28.178] [INFO] default - Server up in http://localhost:5000 - MODE: development
[2023-02-24T08:59:06.271] [INFO] default - Database connected successfully.
[2023-02-24T08:59:06.289] [INFO] default - Server up in http://localhost:5000 - MODE: development
[2023-02-24T09:43:17.184] [INFO] default - Database connected successfully.
[2023-02-24T09:43:17.207] [INFO] default - Server up in http://localhost:5000 - MODE: development
[2023-02-24T09:45:41.292] [ERROR] default - ValidationError: image: Path `image` is required.
[2023-02-24T09:46:35.032] [INFO] default - Database connected successfully.
[2023-02-24T09:46:35.050] [INFO] default - Server up in http://localhost:5000 - MODE: development
[2023-02-24T09:48:13.785] [INFO] default - Database connected successfully.
[2023-02-24T09:48:13.801] [INFO] default - Server up in http://localhost:5000 - MODE: development
[2023-02-24T10:16:14.081] [INFO] default - Database connected successfully.
[2023-02-24T10:16:14.108] [INFO] default - Server up in http://localhost:5000 - MODE: development
[2023-02-24T10:24:05.383] [INFO] default - Database connected successfully.
[2023-02-24T10:24:05.402] [INFO] default - Server up in http://localhost:5000 - MODE: development
[2023-02-24T15:24:02.473] [INFO] default - Database connected successfully.
[2023-02-24T15:24:02.493] [INFO] default - Server up in http://localhost:5000 - MODE: development
[2023-02-24T16:13:26.418] [INFO] default - Database connected successfully.
[2023-02-24T16:13:26.441] [INFO] default - Server up in http://localhost:5000 - MODE: development
[2023-02-24T19:08:37.584] [INFO] default - Database connected successfully.
[2023-02-24T19:08:37.619] [INFO] default - Server up in http://localhost:5000 - MODE: development
[2023-02-24T19:20:34.202] [INFO] default - Database connected successfully.
[2023-02-24T19:20:34.218] [INFO] default - Server up in http://localhost:5000 - MODE: development
[2023-02-25T12:25:31.831] [INFO] default - Database connected successfully.
[2023-02-25T12:25:31.854] [INFO] default - Server up in http://localhost:5000 - MODE: development
[2023-02-25T12:28:15.698] [ERROR] default - companies validation failed: name: Path `name` is required.
[2023-02-25T12:28:15.699] [ERROR] default - ValidationError: name: Path `name` is required.
[2023-02-25T12:41:15.074] [ERROR] default - ValidationError: release: Path `release` is required.
[2023-02-25T16:21:37.465] [INFO] default - Database connected successfully.
[2023-02-25T16:21:37.479] [INFO] default - Server up in http://localhost:5000 - MODE: development
[2023-02-27T10:05:20.097] [INFO] default - Database connected successfully.
[2023-02-27T10:05:20.121] [INFO] default - Server up in http://localhost:5000 - MODE: development
[2023-02-27T10:14:08.786] [INFO] default - Database connected successfully.
[2023-02-27T10:14:08.812] [INFO] default - Server up in http://localhost:5000 - MODE: development
[2023-02-27T10:15:39.921] [INFO] default - Database connected successfully.
[2023-02-27T10:15:39.939] [INFO] default - Server up in http://localhost:5000 - MODE: development
[2023-02-27T10:17:27.792] [INFO] default - Database connected successfully.
[2023-02-27T10:17:27.810] [INFO] default - Server up in http://localhost:5000 - MODE: development
[2023-02-27T10:19:15.419] [INFO] default - Database connected successfully.
[2023-02-27T10:19:15.438] [INFO] default - Server up in http://localhost:5000 - MODE: development
[2023-02-27T10:24:45.791] [INFO] default - Database connected successfully.
[2023-02-27T10:24:45.814] [INFO] default - Server up in http://localhost:5000 - MODE: development
[2023-02-27T10:28:09.009] [INFO] default - Database connected successfully.
[2023-02-27T10:28:09.030] [INFO] default - Server up in http://localhost:5000 - MODE: development
[2023-02-27T10:33:26.152] [INFO] default - Database connected successfully.
[2023-02-27T10:33:26.167] [INFO] default - Server up in http://localhost:5000 - MODE: development
[2023-02-27T10:50:08.739] [INFO] default - Database connected successfully.
[2023-02-27T10:50:08.767] [INFO] default - Server up in http://localhost:5000 - MODE: development
[2023-02-28T14:46:30.424] [INFO] default - Database connected successfully.
[2023-02-28T14:46:30.451] [INFO] default - Server up in http://localhost:5000 - MODE: development
[2023-02-28T15:09:05.162] [INFO] default - Database connected successfully.
[2023-02-28T15:09:05.183] [INFO] default - Server up in http://localhost:5000 - MODE: development
[2023-02-28T15:47:19.631] [INFO] default - Database connected successfully.
[2023-02-28T15:47:19.656] [INFO] default - Server up in http://localhost:5000 - MODE: development
[2023-02-28T16:00:08.221] [INFO] default - Database connected successfully.
[2023-02-28T16:00:08.237] [INFO] default - Server up in http://localhost:5000 - MODE: development
[2023-02-28T16:08:28.301] [INFO] default - Database connected successfully.
[2023-02-28T16:08:28.319] [INFO] default - Server up in http://localhost:5000 - MODE: development
[2023-02-28T16:09:50.886] [INFO] default - Database connected successfully.
[2023-02-28T16:09:50.902] [INFO] default - Server up in http://localhost:5000 - MODE: development
[2023-02-28T16:16:51.054] [INFO] default - Database connected successfully.
[2023-02-28T16:16:51.075] [INFO] default - Server up in http://localhost:5000 - MODE: development
[2023-02-28T16:23:00.800] [INFO] default - Database connected successfully.
[2023-02-28T16:23:00.818] [INFO] default - Server up in http://localhost:5000 - MODE: development
[2023-02-28T19:46:07.887] [INFO] default - Database connected successfully.
[2023-02-28T19:46:07.907] [INFO] default - Server up in http://localhost:5000 - MODE: development
[2023-03-02T16:09:02.947] [INFO] default - Database connected successfully.
[2023-03-02T16:09:02.971] [INFO] default - Server up in http://localhost:5000 - MODE: development
[2023-03-02T16:14:00.116] [INFO] default - Database connected successfully.
[2023-03-02T16:14:00.134] [INFO] default - Server up in http://localhost:5000 - MODE: development
[2023-03-02T16:23:43.675] [INFO] default - Database connected successfully.
[2023-03-02T16:23:43.692] [INFO] default - Server up in http://localhost: - MODE: Production
[2023-03-02T16:26:27.340] [INFO] default - Database connected successfully.
[2023-03-02T16:26:27.354] [INFO] default - Server up in http://localhost: - MODE: Production
[2023-03-02T16:30:57.907] [INFO] default - Database connected successfully.
[2023-03-02T16:30:57.923] [INFO] default - Server up in http://localhost: - MODE: Production
[2023-03-02T16:42:45.331] [INFO] default - Database connected successfully.
[2023-03-02T16:42:45.351] [INFO] default - Server up in http://localhost: - MODE: Production
[2023-03-02T16:46:04.389] [INFO] default - Database connected successfully.
[2023-03-02T16:46:04.410] [INFO] default - Server up in http://localhost: - MODE: Production
[2023-03-02T16:46:56.651] [INFO] default - Database connected successfully.
[2023-03-02T16:46:56.677] [INFO] default - Server up in http://localhost: - MODE: Production
[2023-03-02T16:47:26.408] [INFO] default - Database connected successfully.
[2023-03-02T16:47:26.422] [INFO] default - Server up in http://localhost: - MODE: Production
[2023-03-02T16:50:49.637] [INFO] default - Database connected successfully.
[2023-03-02T16:50:49.649] [INFO] default - Server up in http://localhost: - MODE: Production
[2023-03-02T16:53:48.903] [INFO] default - Database connected successfully.
[2023-03-02T16:53:48.922] [INFO] default - Server up in http://localhost: - MODE: Production
[2023-03-02T16:55:49.933] [INFO] default - Database connected successfully.
[2023-03-02T16:55:49.952] [INFO] default - Server up in http://localhost: - MODE: Production
[2023-03-02T16:56:59.339] [INFO] default - Database connected successfully.
[2023-03-02T16:56:59.353] [INFO] default - Server up in http://localhost: - MODE: Production
[2023-03-03T09:19:12.516] [INFO] default - Database connected successfully.
[2023-03-03T09:19:12.532] [INFO] default - Server up in http://localhost: - MODE: Production
[2023-03-03T09:23:02.121] [INFO] default - Database connected successfully.
[2023-03-03T09:23:02.137] [INFO] default - Server up in http://localhost: - MODE: Production
[2023-03-03T09:28:31.070] [INFO] default - Database connected successfully.
[2023-03-03T09:28:31.086] [INFO] default - Server up in http://localhost: - MODE: Production
[2023-03-03T09:38:45.794] [INFO] default - Database connected successfully.
[2023-03-03T09:38:45.812] [INFO] default - Server up in http://localhost: - MODE: Production
[2023-03-03T13:43:22.596] [INFO] default - Database connected successfully.
[2023-03-03T13:43:22.620] [INFO] default - Server up in http://localhost: - MODE: Production
[2023-03-03T13:50:57.259] [INFO] default - Database connected successfully.
[2023-03-03T13:50:57.276] [INFO] default - Server up in http://localhost: - MODE: Production
[2023-03-03T13:54:06.102] [INFO] default - Database connected successfully.
[2023-03-03T13:54:06.122] [INFO] default - Server up in http://localhost: - MODE: Production
[2023-03-03T13:59:45.633] [INFO] default - Database connected successfully.
[2023-03-03T13:59:45.650] [INFO] default - Server up in http://localhost: - MODE: Production
[2023-03-03T14:01:37.017] [INFO] default - Database connected successfully.
[2023-03-03T14:01:37.035] [INFO] default - Server up in http://localhost: - MODE: Production
[2023-03-03T14:05:41.868] [INFO] default - Database connected successfully.
[2023-03-03T14:05:41.889] [INFO] default - Server up in http://localhost: - MODE: Production
[2023-03-03T14:09:19.689] [INFO] default - Database connected successfully.
[2023-03-03T14:09:19.707] [INFO] default - Server up in http://localhost: - MODE: Production
[2023-03-03T14:10:19.174] [INFO] default - Database connected successfully.
[2023-03-03T14:10:19.193] [INFO] default - Server up in http://localhost: - MODE: Production
[2023-03-03T14:10:51.221] [INFO] default - Database connected successfully.
[2023-03-03T14:10:51.239] [INFO] default - Server up in http://localhost: - MODE: Production
[2023-03-03T14:11:54.370] [INFO] default - Database connected successfully.
[2023-03-03T14:11:54.388] [INFO] default - Server up in http://localhost: - MODE: Production
[2023-03-03T14:12:59.852] [INFO] default - Database connected successfully.
[2023-03-03T14:12:59.869] [INFO] default - Server up in http://localhost: - MODE: Production
[2023-03-03T14:13:44.490] [INFO] default - Database connected successfully.
[2023-03-03T14:13:44.507] [INFO] default - Server up in http://localhost: - MODE: Production
[2023-03-03T14:14:21.057] [INFO] default - Database connected successfully.
[2023-03-03T14:14:21.073] [INFO] default - Server up in http://localhost: - MODE: Production
[2023-03-03T14:17:09.307] [INFO] default - Database connected successfully.
[2023-03-03T14:17:09.325] [INFO] default - Server up in http://localhost: - MODE: Production
[2023-03-03T14:18:28.221] [INFO] default - Database connected successfully.
[2023-03-03T14:18:28.238] [INFO] default - Server up in http://localhost: - MODE: Production
[2023-03-05T08:52:17.696] [INFO] default - Database connected successfully.
[2023-03-05T08:52:17.720] [INFO] default - Server up in http://localhost: - MODE: Production
[2023-03-05T08:54:08.792] [INFO] default - Database connected successfully.
[2023-03-05T08:54:08.811] [INFO] default - Server up in http://localhost: - MODE: Production
[2023-03-05T09:17:10.722] [INFO] default - Database connected successfully.
[2023-03-05T09:17:10.736] [INFO] default - Server up in http://localhost: - MODE: Production
[2023-03-05T12:05:48.139] [INFO] default - Database connected successfully.
[2023-03-05T12:05:48.165] [INFO] default - Server up in http://localhost: - MODE: Production
[2023-03-05T12:13:12.830] [INFO] default - Database connected successfully.
[2023-03-05T12:13:12.847] [INFO] default - Server up in http://localhost: - MODE: Production
[2023-03-05T17:11:43.424] [INFO] default - Database connected successfully.
[2023-03-05T17:11:43.448] [INFO] default - Server up in http://localhost: - MODE: Production
[2023-03-05T17:20:36.049] [INFO] default - Database connected successfully.
[2023-03-05T17:20:36.068] [INFO] default - Server up in http://localhost:5000 - MODE: development
[2023-03-06T10:49:31.099] [INFO] default - Database connected successfully.
[2023-03-06T10:49:31.121] [INFO] default - Server up in http://localhost:5000 - MODE: development
[2023-03-06T10:53:41.385] [INFO] default - Database connected successfully.
[2023-03-06T10:53:41.403] [INFO] default - Server up in http://localhost:5000 - MODE: development
[2023-03-06T12:15:58.919] [INFO] default - Database connected successfully.
[2023-03-06T12:15:58.946] [INFO] default - Server up in http://localhost:5000 - MODE: development
[2023-03-06T12:17:33.392] [INFO] default - Database connected successfully.
[2023-03-06T12:17:33.411] [INFO] default - Server up in http://localhost:5000 - MODE: development
[2023-03-06T12:20:40.418] [INFO] default - Database connected successfully.
[2023-03-06T12:20:40.436] [INFO] default - Server up in http://localhost:5000 - MODE: development
[2023-03-06T12:26:28.912] [INFO] default - Database connected successfully.
[2023-03-06T12:26:28.934] [INFO] default - Server up in http://localhost:5000 - MODE: development
[2023-03-06T12:28:37.503] [INFO] default - Database connected successfully.
[2023-03-06T12:28:37.523] [INFO] default - Server up in http://localhost:5000 - MODE: development
[2023-04-26T09:48:41.971] [INFO] default - Database connected successfully.
[2023-04-26T09:48:42.034] [INFO] default - Server up in http://localhost: - MODE: Production
[2023-04-26T09:58:39.477] [INFO] default - Database connected successfully.
[2023-04-26T09:58:39.553] [INFO] default - Server up in http://localhost: - MODE: Production
[2023-04-26T10:03:58.179] [INFO] default - Database connected successfully.
[2023-04-26T10:03:58.274] [INFO] default - Server up in http://localhost: - MODE: Production
[2023-04-26T10:12:27.973] [INFO] default - Database connected successfully.
[2023-04-26T10:12:28.063] [INFO] default - Server up in http://localhost: - MODE: Production
[2023-04-26T10:14:05.439] [INFO] default - Database connected successfully.
[2023-04-26T10:14:05.502] [INFO] default - Server up in http://localhost: - MODE: Production
[2023-04-26T10:14:38.023] [INFO] default - Database connected successfully.
[2023-04-26T10:14:38.123] [INFO] default - Server up in http://localhost:5000 - MODE: development
[2023-04-26T10:15:13.340] [INFO] default - Database connected successfully.
[2023-04-26T10:15:13.401] [INFO] default - Server up in http://localhost:5000 - MODE: development
[2023-04-26T10:20:02.336] [INFO] default - Database connected successfully.
[2023-04-26T10:20:02.400] [INFO] default - Server up in http://localhost:5000 - MODE: development
[2023-04-26T10:21:36.399] [INFO] default - Database connected successfully.
[2023-04-26T10:21:36.448] [INFO] default - Server up in http://localhost:5000 - MODE: development
[2023-04-26T10:23:53.807] [INFO] default - Database connected successfully.
[2023-04-26T10:23:53.815] [INFO] default - Server up in http://localhost:5000 - MODE: development
[2023-04-26T10:25:08.285] [INFO] default - Database connected successfully.
[2023-04-26T10:25:08.356] [INFO] default - Server up in http://localhost:5000 - MODE: development
[2023-04-26T10:28:06.301] [INFO] default - Database connected successfully.
[2023-04-26T10:28:06.368] [INFO] default - Server up in http://localhost:5000 - MODE: development
[2023-04-26T10:32:07.447] [INFO] default - Database connected successfully.
[2023-04-26T10:32:07.499] [INFO] default - Server up in http://localhost:5000 - MODE: development
[2023-04-26T12:11:23.196] [ERROR] default - Error: connect ECONNREFUSED 127.0.0.1:27017
[2023-04-26T12:12:06.996] [INFO] default - Database connected successfully.
[2023-04-26T12:12:07.062] [INFO] default - Server up in http://localhost:5000 - MODE: development
[2023-04-26T12:12:47.158] [INFO] default - Database connected successfully.
[2023-04-26T12:12:47.199] [INFO] default - Server up in http://localhost:5000 - MODE: development
[2023-04-26T12:14:27.518] [INFO] default - Database connected successfully.
[2023-04-26T12:14:27.531] [INFO] default - Server up in http://localhost:5000 - MODE: development
[2023-04-26T12:19:47.870] [INFO] default - Database connected successfully.
[2023-04-26T12:19:47.880] [INFO] default - Server up in http://localhost:5000 - MODE: development
[2023-04-26T12:24:39.014] [INFO] default - Database connected successfully.
[2023-04-26T12:24:39.027] [INFO] default - Server up in http://localhost:5000 - MODE: development
[2023-04-26T12:25:18.399] [INFO] default - Database connected successfully.
[2023-04-26T12:25:18.427] [INFO] default - Server up in http://localhost:5000 - MODE: development
[2023-04-26T12:28:02.742] [INFO] default - Server up in http://localhost:5000 - MODE: development
[2023-04-26T12:28:06.775] [INFO] default - Database connected successfully.
[2023-04-26T12:29:32.046] [INFO] default - Database connected successfully.
[2023-04-26T12:29:32.049] [INFO] default - Server up in http://localhost:5000 - MODE: development
[2023-04-26T12:30:16.678] [INFO] default - Database connected successfully.
[2023-04-26T12:30:16.683] [INFO] default - Server up in http://localhost:5000 - MODE: development
[2023-04-26T12:32:46.133] [INFO] default - Database connected successfully.
[2023-04-26T12:32:46.137] [INFO] default - Server up in http://localhost:5000 - MODE: development
[2023-04-26T12:32:46.220] [INFO] default - Database disconnected.
[2023-04-26T12:33:18.684] [INFO] default - Database connected successfully.
[2023-04-26T12:33:18.687] [INFO] default - Server up in http://localhost:5000 - MODE: development
[2023-04-26T12:33:18.921] [INFO] default - Database disconnected.
[2023-04-26T12:41:27.847] [INFO] default - Database connected successfully.
[2023-04-26T12:41:27.851] [INFO] default - Server up in http://localhost:5000 - MODE: development
[2023-04-26T12:41:38.156] [INFO] default - Database disconnected.
[2023-04-26T12:41:38.201] [INFO] default - Database connected successfully.
[2023-04-26T12:41:38.203] [INFO] default - Server up in http://localhost:5000 - MODE: development
[2023-04-26T12:41:38.364] [INFO] default - Database disconnected.
[2023-04-26T12:49:42.700] [INFO] default - Database connected successfully.
[2023-04-26T12:49:42.703] [INFO] default - Server up in http://localhost:5000 - MODE: development
[2023-04-26T12:49:42.938] [INFO] default - Database disconnected.
[2023-04-26T12:51:03.136] [INFO] default - Database connected successfully.
[2023-04-26T12:51:03.142] [INFO] default - Server up in http://localhost:5000 - MODE: development
[2023-04-26T12:51:03.497] [INFO] default - Database disconnected.
[2023-04-26T12:54:15.701] [INFO] default - Database connected successfully.
[2023-04-26T12:54:15.704] [INFO] default - Server up in http://localhost:5000 - MODE: development
[2023-04-26T12:54:15.969] [INFO] default - Database disconnected.
[2023-04-26T12:54:38.073] [INFO] default - Database connected successfully.
[2023-04-26T12:54:38.076] [INFO] default - Server up in http://localhost:5000 - MODE: development
[2023-04-26T12:54:38.369] [INFO] default - Database disconnected.
[2023-04-26T13:04:25.968] [INFO] default - Database connected successfully.
[2023-04-26T13:04:25.975] [INFO] default - Server up in http://localhost:5000 - MODE: development
[2023-04-26T13:04:26.666] [INFO] default - Database disconnected.
[2023-04-26T13:04:50.191] [INFO] default - Database connected successfully.
[2023-04-26T13:04:50.197] [INFO] default - Server up in http://localhost:5000 - MODE: development
[2023-04-26T13:04:50.651] [INFO] default - Database disconnected.
[2023-04-26T13:11:00.740] [INFO] default - Database connected successfully.
[2023-04-26T13:11:00.745] [INFO] default - Server up in http://localhost:5000 - MODE: development
[2023-04-26T13:11:01.385] [INFO] default - Database disconnected.
[2023-04-26T13:11:26.482] [INFO] default - Database connected successfully.
[2023-04-26T13:11:26.485] [INFO] default - Server up in http://localhost:5000 - MODE: development
[2023-04-26T13:11:26.970] [INFO] default - Database disconnected.
[2023-04-26T13:18:51.657] [INFO] default - Database connected successfully.
[2023-04-26T13:18:51.662] [INFO] default - Server up in http://localhost:5000 - MODE: development
[2023-04-26T13:19:00.487] [ERROR] default - companies validation failed: _id: Cast to ObjectId failed for value "dreamcatcherlaconchadetumadre" (type string) at path "_id" because of "BSONTypeError"
[2023-04-26T13:19:00.488] [ERROR] default - ValidationError: _id: Cast to ObjectId failed for value "dreamcatcherlaconchadetumadre" (type string) at path "_id" because of "BSONTypeError"
[2023-04-26T13:28:26.359] [INFO] default - Database connected successfully.
[2023-04-26T13:28:26.363] [INFO] default - Server up in http://localhost:5000 - MODE: development
[2023-04-26T13:31:31.811] [INFO] default - Database connected successfully.
[2023-04-26T13:31:31.814] [INFO] default - Server up in http://localhost:5000 - MODE: development
[2023-04-26T13:31:32.274] [INFO] default - Database disconnected.
[2023-04-26T13:36:06.096] [INFO] default - Database connected successfully.
[2023-04-26T13:36:06.101] [INFO] default - Server up in http://localhost:5000 - MODE: development
[2023-04-26T13:36:06.607] [INFO] default - Database disconnected.
[2023-04-26T13:40:02.875] [INFO] default - Database connected successfully.
[2023-04-26T13:40:02.879] [INFO] default - Server up in http://localhost:5000 - MODE: development
[2023-04-26T13:40:03.488] [INFO] default - Database disconnected.
[2023-04-26T13:40:48.348] [INFO] default - Database connected successfully.
[2023-04-26T13:40:48.350] [INFO] default - Server up in http://localhost:5000 - MODE: development
[2023-04-26T13:40:48.902] [INFO] default - Database disconnected.
[2023-04-26T13:41:09.092] [INFO] default - Database connected successfully.
[2023-04-26T13:41:09.094] [INFO] default - Server up in http://localhost:5000 - MODE: development
[2023-04-26T13:41:09.669] [INFO] default - Database disconnected.
[2023-04-26T14:13:21.554] [INFO] default - Database connected successfully.
[2023-04-26T14:13:21.559] [INFO] default - Server up in http://localhost:5000 - MODE: development
[2023-04-26T14:13:22.206] [INFO] default - Database disconnected.
[2023-04-26T14:14:07.713] [INFO] default - Database connected successfully.
[2023-04-26T14:14:07.717] [INFO] default - Server up in http://localhost:5000 - MODE: development
[2023-04-26T14:14:08.403] [INFO] default - Database disconnected.
[2023-04-26T14:14:51.720] [INFO] default - Database connected successfully.
[2023-04-26T14:14:51.725] [INFO] default - Server up in http://localhost:5000 - MODE: development
[2023-04-26T14:14:52.425] [INFO] default - Database disconnected.
[2023-04-26T14:15:27.404] [INFO] default - Database connected successfully.
[2023-04-26T14:15:27.408] [INFO] default - Server up in http://localhost:5000 - MODE: development
[2023-04-26T14:15:28.143] [INFO] default - Database disconnected.
[2023-04-26T14:16:03.224] [INFO] default - Database connected successfully.
[2023-04-26T14:16:03.229] [INFO] default - Server up in http://localhost:5000 - MODE: development
[2023-04-26T14:16:03.733] [INFO] default - Database disconnected.
[2023-04-26T14:23:39.419] [INFO] default - Database connected successfully.
[2023-04-26T14:23:39.422] [INFO] default - Server up in http://localhost:5000 - MODE: development
[2023-04-26T14:23:40.245] [INFO] default - Database disconnected.
[2023-04-26T14:24:01.085] [INFO] default - Database connected successfully.
[2023-04-26T14:24:01.088] [INFO] default - Server up in http://localhost:5000 - MODE: development
[2023-04-26T14:24:01.820] [INFO] default - Database disconnected.
[2023-04-26T14:25:23.112] [INFO] default - Database connected successfully.
[2023-04-26T14:25:23.116] [INFO] default - Server up in http://localhost:5000 - MODE: development
[2023-04-26T14:25:23.818] [INFO] default - Database disconnected.
[2023-04-26T14:27:31.310] [INFO] default - Database connected successfully.
[2023-04-26T14:27:31.313] [INFO] default - Server up in http://localhost:5000 - MODE: development
[2023-04-26T14:27:32.117] [INFO] default - Database disconnected.
[2023-04-26T14:27:50.371] [INFO] default - Database connected successfully.
[2023-04-26T14:27:50.374] [INFO] default - Server up in http://localhost:5000 - MODE: development
[2023-04-26T14:27:51.197] [INFO] default - Database disconnected.
[2023-04-26T14:30:21.712] [INFO] default - Database connected successfully.
[2023-04-26T14:30:21.714] [INFO] default - Server up in http://localhost:5000 - MODE: development
[2023-04-26T14:30:22.585] [INFO] default - Database disconnected.
[2023-04-26T14:33:36.550] [INFO] default - Database connected successfully.
[2023-04-26T14:33:36.553] [INFO] default - Server up in http://localhost:5000 - MODE: development
[2023-04-26T14:33:37.693] [INFO] default - Database disconnected.
[2023-04-26T14:35:07.237] [INFO] default - Database connected successfully.
[2023-04-26T14:35:07.240] [INFO] default - Server up in http://localhost:5000 - MODE: development
[2023-04-26T14:35:08.118] [ERROR] default - Cast to ObjectId failed for value "342948239482394823hd" (type string) at path "_id" for model "companies"
[2023-04-26T14:35:08.119] [ERROR] default - CastError: Cast to ObjectId failed for value "342948239482394823hd" (type string) at path "_id" for model "companies"
[2023-04-26T14:35:08.321] [INFO] default - Database disconnected.
[2023-04-26T14:35:48.444] [INFO] default - Database connected successfully.
[2023-04-26T14:35:48.446] [INFO] default - Server up in http://localhost:5000 - MODE: development
[2023-04-26T14:35:49.474] [INFO] default - Database disconnected.
[2023-04-26T16:45:01.077] [INFO] default - Database connected successfully.
[2023-04-26T16:45:01.084] [INFO] default - Server up in http://localhost:5000 - MODE: development
[2023-04-26T16:45:02.261] [INFO] default - Database disconnected.
[2023-04-26T16:47:42.316] [INFO] default - Database connected successfully.
[2023-04-26T16:47:42.318] [INFO] default - Server up in http://localhost:5000 - MODE: development
[2023-04-26T16:47:43.501] [INFO] default - Database disconnected.
[2023-04-26T16:52:30.356] [INFO] default - Database connected successfully.
[2023-04-26T16:52:30.359] [INFO] default - Server up in http://localhost:5000 - MODE: development
[2023-04-26T16:52:31.495] [INFO] default - Database disconnected.
[2023-04-26T16:58:14.895] [INFO] default - Database connected successfully.
[2023-04-26T16:58:14.898] [INFO] default - Server up in http://localhost:5000 - MODE: development
[2023-04-26T16:58:16.044] [INFO] default - Database disconnected.
[2023-04-26T17:12:36.083] [INFO] default - Database connected successfully.
[2023-04-26T17:12:36.088] [INFO] default - Server up in http://localhost:5000 - MODE: development
[2023-04-26T17:12:37.236] [INFO] default - Database disconnected.
[2023-04-26T17:13:12.856] [INFO] default - Database connected successfully.
[2023-04-26T17:13:12.859] [INFO] default - Server up in http://localhost:5000 - MODE: development
[2023-04-26T17:13:14.030] [INFO] default - Database disconnected.
[2023-04-26T17:15:53.098] [INFO] default - Database connected successfully.
[2023-04-26T17:15:53.101] [INFO] default - Server up in http://localhost:5000 - MODE: development
[2023-04-26T17:15:54.491] [INFO] default - Database disconnected.
[2023-04-26T17:18:52.608] [INFO] default - Database connected successfully.
[2023-04-26T17:18:52.612] [INFO] default - Server up in http://localhost:5000 - MODE: development
[2023-04-26T17:18:54.018] [INFO] default - Database disconnected.
[2023-04-26T17:19:12.303] [INFO] default - Database connected successfully.
[2023-04-26T17:19:12.306] [INFO] default - Server up in http://localhost:5000 - MODE: development
[2023-04-26T17:19:13.632] [INFO] default - Database disconnected.
[2023-04-26T17:20:10.369] [INFO] default - Database connected successfully.
[2023-04-26T17:20:10.372] [INFO] default - Server up in http://localhost:5000 - MODE: development
[2023-04-26T17:20:11.808] [INFO] default - Database disconnected.
[2023-04-26T17:31:23.074] [INFO] default - Database connected successfully.
[2023-04-26T17:31:23.077] [INFO] default - Server up in http://localhost:5000 - MODE: development
[2023-04-26T17:31:24.907] [INFO] default - Database disconnected.
[2023-04-26T17:31:24.940] [INFO] default - Database connected successfully.
[2023-04-26T17:31:24.942] [INFO] default - Server up in http://localhost:5000 - MODE: development
[2023-04-26T17:31:26.121] [INFO] default - Database disconnected.
[2023-04-26T17:32:18.655] [INFO] default - Database connected successfully.
[2023-04-26T17:32:18.660] [INFO] default - Server up in http://localhost:5000 - MODE: development
[2023-04-26T17:32:20.287] [INFO] default - Database disconnected.
[2023-04-26T17:32:20.318] [INFO] default - Database connected successfully.
[2023-04-26T17:32:20.320] [INFO] default - Server up in http://localhost:5000 - MODE: development
[2023-04-26T17:32:21.613] [INFO] default - Database disconnected.
[2023-04-26T17:32:57.350] [INFO] default - Database connected successfully.
[2023-04-26T17:32:57.356] [INFO] default - Server up in http://localhost:5000 - MODE: development
[2023-04-26T17:32:57.840] [INFO] default - Database disconnected.
[2023-04-26T17:40:39.236] [INFO] default - Database connected successfully.
[2023-04-26T17:40:39.238] [INFO] default - Server up in http://localhost:5000 - MODE: development
[2023-04-26T17:40:39.880] [INFO] default - Database disconnected.
[2023-04-27T08:47:32.322] [INFO] default - Database connected successfully.
[2023-04-27T08:47:32.329] [INFO] default - Server up in http://localhost:5000 - MODE: development
[2023-04-27T08:47:33.049] [INFO] default - Database disconnected.
[2023-04-27T08:48:00.110] [INFO] default - Database connected successfully.
[2023-04-27T08:48:00.112] [INFO] default - Server up in http://localhost:5000 - MODE: development
[2023-04-27T08:48:00.631] [INFO] default - Database disconnected.
[2023-04-27T08:48:19.718] [INFO] default - Database connected successfully.
[2023-04-27T08:48:19.721] [INFO] default - Server up in http://localhost:5000 - MODE: development
[2023-04-27T08:48:20.303] [INFO] default - Database disconnected.
[2023-04-27T08:49:38.889] [INFO] default - Database connected successfully.
[2023-04-27T08:49:38.891] [INFO] default - Server up in http://localhost:5000 - MODE: development
[2023-04-27T08:49:39.542] [INFO] default - Database disconnected.
[2023-04-27T08:49:59.219] [INFO] default - Database connected successfully.
[2023-04-27T08:49:59.221] [INFO] default - Server up in http://localhost:5000 - MODE: development
[2023-04-27T08:49:59.904] [INFO] default - Database disconnected.
[2023-04-27T08:50:53.661] [INFO] default - Database connected successfully.
[2023-04-27T08:50:53.664] [INFO] default - Server up in http://localhost:5000 - MODE: development
[2023-04-27T08:50:54.436] [INFO] default - Database disconnected.
[2023-04-27T08:52:00.068] [INFO] default - Database connected successfully.
[2023-04-27T08:52:00.071] [INFO] default - Server up in http://localhost:5000 - MODE: development
[2023-04-27T08:52:00.862] [INFO] default - Database disconnected.
[2023-04-27T08:58:00.844] [INFO] default - Database connected successfully.
[2023-04-27T08:58:00.847] [INFO] default - Server up in http://localhost:5000 - MODE: development
[2023-04-27T08:58:01.709] [INFO] default - Database disconnected.
[2023-04-27T08:58:51.125] [INFO] default - Database connected successfully.
[2023-04-27T08:58:51.127] [INFO] default - Server up in http://localhost:5000 - MODE: development
[2023-04-27T08:58:52.155] [INFO] default - Database disconnected.
[2023-04-27T08:59:34.145] [INFO] default - Database connected successfully.
[2023-04-27T08:59:34.162] [INFO] default - Server up in http://localhost:5000 - MODE: development
[2023-04-27T08:59:35.261] [INFO] default - Database disconnected.
[2023-04-27T09:00:18.243] [INFO] default - Database connected successfully.
[2023-04-27T09:00:18.245] [INFO] default - Server up in http://localhost:5000 - MODE: development
[2023-04-27T09:00:19.165] [INFO] default - Database disconnected.
[2023-04-27T09:01:09.785] [INFO] default - Database connected successfully.
[2023-04-27T09:01:09.789] [INFO] default - Server up in http://localhost:5000 - MODE: development
[2023-04-27T09:01:10.820] [INFO] default - Database disconnected.
[2023-04-27T09:01:19.905] [INFO] default - Database connected successfully.
[2023-04-27T09:01:19.909] [INFO] default - Server up in http://localhost:5000 - MODE: development
[2023-04-27T09:01:21.065] [INFO] default - Database disconnected.
[2023-04-27T09:01:25.819] [INFO] default - Database connected successfully.
[2023-04-27T09:01:25.821] [INFO] default - Server up in http://localhost:5000 - MODE: development
[2023-04-27T09:01:26.774] [INFO] default - Database disconnected.
[2023-04-27T09:02:48.502] [INFO] default - Database connected successfully.
[2023-04-27T09:02:48.504] [INFO] default - Server up in http://localhost:5000 - MODE: development
[2023-04-27T09:02:49.523] [INFO] default - Database disconnected.
[2023-04-27T09:03:02.454] [INFO] default - Database connected successfully.
[2023-04-27T09:03:02.455] [INFO] default - Server up in http://localhost:5000 - MODE: development
[2023-04-27T09:03:03.461] [INFO] default - Database disconnected.
[2023-04-27T09:04:13.919] [INFO] default - Database connected successfully.
[2023-04-27T09:04:13.922] [INFO] default - Server up in http://localhost:5000 - MODE: development
[2023-04-27T09:04:15.261] [INFO] default - Database disconnected.
[2023-04-27T09:05:38.210] [INFO] default - Database connected successfully.
[2023-04-27T09:05:38.212] [INFO] default - Server up in http://localhost:5000 - MODE: development
[2023-04-27T09:05:39.317] [INFO] default - Database disconnected.
[2023-04-27T09:05:45.928] [INFO] default - Database connected successfully.
[2023-04-27T09:05:45.930] [INFO] default - Server up in http://localhost:5000 - MODE: development
[2023-04-27T09:05:47.297] [INFO] default - Database disconnected.
[2023-04-27T09:05:53.256] [INFO] default - Database connected successfully.
[2023-04-27T09:05:53.259] [INFO] default - Server up in http://localhost:5000 - MODE: development
[2023-04-27T09:05:54.525] [INFO] default - Database disconnected.
[2023-04-27T09:06:49.222] [INFO] default - Database connected successfully.
[2023-04-27T09:06:49.224] [INFO] default - Server up in http://localhost:5000 - MODE: development
[2023-04-27T09:06:50.348] [INFO] default - Database disconnected.
[2023-04-27T09:10:33.247] [INFO] default - Database connected successfully.
[2023-04-27T09:10:33.250] [INFO] default - Server up in http://localhost:5000 - MODE: development
[2023-04-27T09:10:34.450] [INFO] default - Database disconnected.
[2023-04-27T09:12:24.182] [INFO] default - Database connected successfully.
[2023-04-27T09:12:24.186] [INFO] default - Server up in http://localhost:5000 - MODE: development
[2023-04-27T09:12:25.782] [INFO] default - Database disconnected.
[2023-04-27T09:14:34.499] [INFO] default - Database connected successfully.
[2023-04-27T09:14:34.502] [INFO] default - Server up in http://localhost:5000 - MODE: development
[2023-04-27T09:14:36.012] [INFO] default - Database disconnected.
[2023-04-27T09:24:34.686] [INFO] default - Database connected successfully.
[2023-04-27T09:24:34.689] [INFO] default - Server up in http://localhost:5000 - MODE: development
[2023-04-27T09:24:34.946] [INFO] default - Database disconnected.
[2023-04-27T09:26:07.548] [INFO] default - Database connected successfully.
[2023-04-27T09:26:07.551] [INFO] default - Server up in http://localhost:5000 - MODE: development
[2023-04-27T09:26:07.805] [ERROR] default - E11000 duplicate key error collection: test.platforms index: _id_ dup key: { _id: ObjectId('644a69def9d3bcf2e983e9c1') }
[2023-04-27T09:26:07.814] [ERROR] default - E11000 duplicate key error collection: test.platforms index: _id_ dup key: { _id: ObjectId('644a69def9d3bcf2e983e9c2') }
[2023-04-27T09:26:07.820] [ERROR] default - E11000 duplicate key error collection: test.platforms index: _id_ dup key: { _id: ObjectId('644a69def9d3bcf2e983e9c0') }
[2023-04-27T09:26:07.935] [INFO] default - Database disconnected.
[2023-04-27T09:27:09.696] [INFO] default - Database connected successfully.
[2023-04-27T09:27:09.715] [INFO] default - Server up in http://localhost:5000 - MODE: development
[2023-04-27T09:27:10.216] [INFO] default - Database disconnected.
[2023-04-27T09:27:19.147] [INFO] default - Database connected successfully.
[2023-04-27T09:27:19.149] [INFO] default - Server up in http://localhost:5000 - MODE: development
[2023-04-27T09:27:19.509] [INFO] default - Database disconnected.
[2023-04-27T09:27:26.630] [INFO] default - Database connected successfully.
[2023-04-27T09:27:26.632] [INFO] default - Server up in http://localhost:5000 - MODE: development
[2023-04-27T09:27:26.952] [INFO] default - Database disconnected.
[2023-04-27T09:29:51.344] [INFO] default - Database connected successfully.
[2023-04-27T09:29:51.346] [INFO] default - Server up in http://localhost:5000 - MODE: development
[2023-04-27T09:29:51.827] [INFO] default - Database disconnected.
[2023-04-27T09:29:57.494] [INFO] default - Database connected successfully.
[2023-04-27T09:29:57.497] [INFO] default - Server up in http://localhost:5000 - MODE: development
[2023-04-27T09:29:57.969] [INFO] default - Database disconnected.
[2023-04-27T09:30:02.925] [INFO] default - Database connected successfully.
[2023-04-27T09:30:02.928] [INFO] default - Server up in http://localhost:5000 - MODE: development
[2023-04-27T09:30:03.360] [INFO] default - Database disconnected.
[2023-04-27T09:33:06.769] [INFO] default - Database connected successfully.
[2023-04-27T09:33:06.772] [INFO] default - Server up in http://localhost:5000 - MODE: development
[2023-04-27T09:33:07.424] [INFO] default - Database disconnected.
[2023-04-27T09:33:56.164] [INFO] default - Database connected successfully.
[2023-04-27T09:33:56.166] [INFO] default - Server up in http://localhost:5000 - MODE: development
[2023-04-27T09:33:56.956] [INFO] default - Database disconnected.
[2023-04-27T09:35:27.156] [INFO] default - Database connected successfully.
[2023-04-27T09:35:27.159] [INFO] default - Server up in http://localhost:5000 - MODE: development
[2023-04-27T09:35:27.880] [INFO] default - Database disconnected.
[2023-04-27T09:37:47.317] [INFO] default - Database connected successfully.
[2023-04-27T09:37:47.319] [INFO] default - Server up in http://localhost:5000 - MODE: development
[2023-04-27T09:37:48.115] [INFO] default - Database disconnected.
[2023-04-27T09:38:05.766] [INFO] default - Database connected successfully.
[2023-04-27T09:38:05.768] [INFO] default - Server up in http://localhost:5000 - MODE: development
[2023-04-27T09:38:06.709] [INFO] default - Database disconnected.
[2023-04-27T09:39:38.702] [INFO] default - Database connected successfully.
[2023-04-27T09:39:38.704] [INFO] default - Server up in http://localhost:5000 - MODE: development
[2023-04-27T09:39:39.455] [INFO] default - Database disconnected.
[2023-04-27T09:39:47.090] [INFO] default - Database connected successfully.
[2023-04-27T09:39:47.092] [INFO] default - Server up in http://localhost:5000 - MODE: development
[2023-04-27T09:39:47.864] [INFO] default - Database disconnected.
[2023-04-27T09:40:53.897] [INFO] default - Database connected successfully.
[2023-04-27T09:40:53.899] [INFO] default - Server up in http://localhost:5000 - MODE: development
[2023-04-27T09:40:54.930] [INFO] default - Database disconnected.
[2023-04-27T09:41:02.281] [INFO] default - Database connected successfully.
[2023-04-27T09:41:02.284] [INFO] default - Server up in http://localhost:5000 - MODE: development
[2023-04-27T09:41:03.182] [INFO] default - Database disconnected.
[2023-04-27T09:41:50.053] [INFO] default - Database connected successfully.
[2023-04-27T09:41:50.055] [INFO] default - Server up in http://localhost:5000 - MODE: development
[2023-04-27T09:41:50.957] [INFO] default - Database disconnected.
[2023-04-27T09:42:37.208] [INFO] default - Database connected successfully.
[2023-04-27T09:42:37.213] [INFO] default - Server up in http://localhost:5000 - MODE: development
[2023-04-27T09:42:38.275] [INFO] default - Database disconnected.
[2023-04-27T09:43:00.883] [INFO] default - Database connected successfully.
[2023-04-27T09:43:00.884] [INFO] default - Server up in http://localhost:5000 - MODE: development
[2023-04-27T09:43:01.833] [INFO] default - Database disconnected.
[2023-04-27T09:45:55.218] [INFO] default - Database connected successfully.
[2023-04-27T09:45:55.220] [INFO] default - Server up in http://localhost:5000 - MODE: development
[2023-04-27T09:45:56.293] [INFO] default - Database disconnected.
[2023-04-27T09:47:47.598] [INFO] default - Database connected successfully.
[2023-04-27T09:47:47.600] [INFO] default - Server up in http://localhost:5000 - MODE: development
[2023-04-27T09:47:48.842] [INFO] default - Database disconnected.
[2023-04-27T09:48:25.357] [INFO] default - Database connected successfully.
[2023-04-27T09:48:25.359] [INFO] default - Server up in http://localhost:5000 - MODE: development
[2023-04-27T09:48:26.535] [INFO] default - Database disconnected.
[2023-04-27T09:48:33.278] [INFO] default - Database connected successfully.
[2023-04-27T09:48:33.280] [INFO] default - Server up in http://localhost:5000 - MODE: development
[2023-04-27T09:48:34.490] [INFO] default - Database disconnected.
[2023-04-27T10:10:36.851] [INFO] default - Database connected successfully.
[2023-04-27T10:10:36.854] [INFO] default - Server up in http://localhost:5000 - MODE: development
[2023-04-27T10:10:37.422] [INFO] default - Database disconnected.
[2023-04-27T10:12:23.485] [INFO] default - Database connected successfully.
[2023-04-27T10:12:23.490] [INFO] default - Server up in http://localhost:5000 - MODE: development
[2023-04-27T10:12:24.254] [INFO] default - Database disconnected.
[2023-04-27T10:13:18.227] [INFO] default - Database connected successfully.
[2023-04-27T10:13:18.229] [INFO] default - Server up in http://localhost:5000 - MODE: development
[2023-04-27T10:13:19.207] [INFO] default - Database disconnected.
[2023-04-27T10:15:52.300] [INFO] default - Database connected successfully.
[2023-04-27T10:15:52.311] [INFO] default - Server up in http://localhost:5000 - MODE: development
[2023-04-27T10:15:53.259] [INFO] default - Database disconnected.
[2023-04-27T10:22:53.068] [INFO] default - Database connected successfully.
[2023-04-27T10:22:53.073] [INFO] default - Server up in http://localhost:5000 - MODE: development
[2023-04-27T10:22:53.990] [INFO] default - Database disconnected.
[2023-04-27T10:23:23.480] [INFO] default - Database connected successfully.
[2023-04-27T10:23:23.483] [INFO] default - Server up in http://localhost:5000 - MODE: development
[2023-04-27T10:23:24.310] [INFO] default - Database disconnected.
[2023-04-27T10:24:54.806] [INFO] default - Database connected successfully.
[2023-04-27T10:24:54.808] [INFO] default - Server up in http://localhost:5000 - MODE: development
[2023-04-27T10:24:55.160] [INFO] default - Database disconnected.
[2023-04-27T10:25:00.472] [INFO] default - Database connected successfully.
[2023-04-27T10:25:00.475] [INFO] default - Server up in http://localhost:5000 - MODE: development
[2023-04-27T10:25:01.207] [INFO] default - Database disconnected.
[2023-04-27T10:25:16.284] [INFO] default - Database connected successfully.
[2023-04-27T10:25:16.286] [INFO] default - Server up in http://localhost:5000 - MODE: development
[2023-04-27T10:25:16.947] [INFO] default - Database disconnected.
[2023-04-27T10:25:50.483] [INFO] default - Database connected successfully.
[2023-04-27T10:25:50.486] [INFO] default - Server up in http://localhost:5000 - MODE: development
[2023-04-27T10:25:51.131] [INFO] default - Database disconnected.
[2023-04-27T10:26:04.111] [INFO] default - Database connected successfully.
[2023-04-27T10:26:04.114] [INFO] default - Server up in http://localhost:5000 - MODE: development
[2023-04-27T10:26:04.779] [INFO] default - Database disconnected.
[2023-04-27T12:21:13.159] [ERROR] default - Error: connect ECONNREFUSED 127.0.0.1:27017
[2023-04-27T12:21:18.096] [INFO] default - Operation `platforms.deleteMany()` buffering timed out after 10000ms
[2023-04-27T12:21:18.214] [INFO] default - Database disconnected.
[2023-04-27T12:21:57.891] [INFO] default - Database connected successfully.
[2023-04-27T12:21:57.895] [INFO] default - Server up in http://localhost:5000 - MODE: development
[2023-04-27T12:21:58.871] [INFO] default - Database disconnected.
[2023-04-27T12:25:36.026] [INFO] default - Database connected successfully.
[2023-04-27T12:25:36.031] [INFO] default - Server up in http://localhost:5000 - MODE: development
[2023-04-27T12:25:37.186] [INFO] default - Database disconnected.
[2023-04-27T12:25:59.489] [INFO] default - Database connected successfully.
[2023-04-27T12:25:59.493] [INFO] default - Server up in http://localhost:5000 - MODE: development
[2023-04-27T12:26:00.462] [INFO] default - Database disconnected.
[2023-04-27T12:26:58.135] [INFO] default - Database connected successfully.
[2023-04-27T12:26:58.138] [INFO] default - Server up in http://localhost:5000 - MODE: development
[2023-04-27T12:26:59.265] [INFO] default - Database disconnected.
[2023-04-27T12:27:26.800] [INFO] default - Database connected successfully.
[2023-04-27T12:27:26.802] [INFO] default - Server up in http://localhost:5000 - MODE: development
[2023-04-27T12:27:27.615] [INFO] default - Database disconnected.
[2023-04-27T12:28:04.447] [INFO] default - Database connected successfully.
[2023-04-27T12:28:04.449] [INFO] default - Server up in http://localhost:5000 - MODE: development
[2023-04-27T12:28:05.438] [INFO] default - Database disconnected.
[2023-04-27T12:29:16.490] [INFO] default - Database connected successfully.
[2023-04-27T12:29:16.493] [INFO] default - Server up in http://localhost:5000 - MODE: development
[2023-04-27T12:29:17.538] [INFO] default - Database disconnected.
[2023-04-27T12:29:45.307] [INFO] default - Database connected successfully.
[2023-04-27T12:29:45.309] [INFO] default - Server up in http://localhost:5000 - MODE: development
[2023-04-27T12:29:46.533] [INFO] default - Database disconnected.
[2023-04-27T12:30:24.993] [INFO] default - Database connected successfully.
[2023-04-27T12:30:24.996] [INFO] default - Server up in http://localhost:5000 - MODE: development
[2023-04-27T12:30:26.366] [INFO] default - Database disconnected.
[2023-04-27T12:31:20.273] [INFO] default - Database connected successfully.
[2023-04-27T12:31:20.277] [INFO] default - Server up in http://localhost:5000 - MODE: development
[2023-04-27T12:31:22.032] [INFO] default - Database disconnected.
[2023-04-27T12:31:47.723] [INFO] default - Database connected successfully.
[2023-04-27T12:31:47.726] [INFO] default - Server up in http://localhost:5000 - MODE: development
[2023-04-27T12:31:49.463] [INFO] default - Database disconnected.
[2023-04-27T12:32:28.375] [INFO] default - Database connected successfully.
[2023-04-27T12:32:28.378] [INFO] default - Server up in http://localhost:5000 - MODE: development
[2023-04-27T12:32:30.097] [INFO] default - Database disconnected.
[2023-04-27T12:32:40.441] [INFO] default - Database connected successfully.
[2023-04-27T12:32:40.443] [INFO] default - Server up in http://localhost:5000 - MODE: development
[2023-04-27T12:32:42.002] [INFO] default - Database disconnected.
[2023-04-27T12:32:57.478] [INFO] default - Database connected successfully.
[2023-04-27T12:32:57.480] [INFO] default - Server up in http://localhost:5000 - MODE: development
[2023-04-27T12:32:59.011] [INFO] default - Database disconnected.
[2023-04-27T12:33:03.210] [INFO] default - Database connected successfully.
[2023-04-27T12:33:03.213] [INFO] default - Server up in http://localhost:5000 - MODE: development
[2023-04-27T12:33:05.193] [INFO] default - Database disconnected.
[2023-04-27T12:35:17.885] [INFO] default - Database connected successfully.
[2023-04-27T12:35:17.889] [INFO] default - Server up in http://localhost:5000 - MODE: development
[2023-04-27T12:35:19.930] [INFO] default - Database disconnected.
[2023-04-27T12:38:48.068] [INFO] default - Database connected successfully.
[2023-04-27T12:38:48.073] [INFO] default - Server up in http://localhost:5000 - MODE: development
[2023-04-27T12:38:50.428] [INFO] default - Database disconnected.
[2023-04-27T12:39:02.350] [INFO] default - Database connected successfully.
[2023-04-27T12:39:02.352] [INFO] default - Server up in http://localhost:5000 - MODE: development
[2023-04-27T12:39:04.199] [INFO] default - Database disconnected.
[2023-04-27T12:39:11.478] [INFO] default - Database connected successfully.
[2023-04-27T12:39:11.489] [INFO] default - Server up in http://localhost:5000 - MODE: development
[2023-04-27T12:39:13.761] [INFO] default - Database disconnected.
[2023-04-27T12:41:28.689] [INFO] default - Database connected successfully.
[2023-04-27T12:41:28.691] [INFO] default - Server up in http://localhost:5000 - MODE: development
[2023-04-27T12:41:30.900] [INFO] default - Database disconnected.
[2023-04-27T12:42:04.312] [INFO] default - Database connected successfully.
[2023-04-27T12:42:04.314] [INFO] default - Server up in http://localhost:5000 - MODE: development
[2023-04-27T12:42:06.361] [INFO] default - Database disconnected.
[2023-04-27T12:42:27.507] [INFO] default - Database connected successfully.
[2023-04-27T12:42:27.510] [INFO] default - Server up in http://localhost:5000 - MODE: development
[2023-04-27T12:42:29.302] [ERROR] default - Cannot read properties of undefined (reading 'toString')
[2023-04-27T12:42:29.558] [INFO] default - Database disconnected.
[2023-04-27T12:43:21.840] [INFO] default - Database connected successfully.
[2023-04-27T12:43:21.843] [INFO] default - Server up in http://localhost:5000 - MODE: development
[2023-04-27T12:43:24.216] [INFO] default - Database disconnected.
[2023-04-27T12:43:37.699] [INFO] default - Database connected successfully.
[2023-04-27T12:43:37.701] [INFO] default - Server up in http://localhost:5000 - MODE: development
[2023-04-27T12:43:39.714] [INFO] default - Database disconnected.
[2023-04-27T12:48:57.255] [INFO] default - Database connected successfully.
[2023-04-27T12:48:57.258] [INFO] default - Server up in http://localhost:5000 - MODE: development
[2023-04-27T12:48:59.643] [INFO] default - Database disconnected.
[2023-04-27T12:49:27.809] [INFO] default - Database connected successfully.
[2023-04-27T12:49:27.813] [INFO] default - Server up in http://localhost:5000 - MODE: development
[2023-04-27T12:49:29.973] [INFO] default - Database disconnected.
[2023-04-27T12:49:39.335] [INFO] default - Database connected successfully.
[2023-04-27T12:49:39.337] [INFO] default - Server up in http://localhost:5000 - MODE: development
[2023-04-27T12:49:41.538] [INFO] default - Database disconnected.
[2023-04-27T12:49:49.195] [INFO] default - Database connected successfully.
[2023-04-27T12:49:49.198] [INFO] default - Server up in http://localhost:5000 - MODE: development
[2023-04-27T12:49:51.550] [INFO] default - Database disconnected.
[2023-04-27T12:53:34.849] [INFO] default - Database connected successfully.
[2023-04-27T12:53:34.852] [INFO] default - Server up in http://localhost:5000 - MODE: development
[2023-04-27T12:53:37.391] [INFO] default - Database disconnected.
[2023-04-27T12:53:52.292] [INFO] default - Database connected successfully.
[2023-04-27T12:53:52.295] [INFO] default - Server up in http://localhost:5000 - MODE: development
[2023-04-27T12:53:54.757] [INFO] default - Database disconnected.
[2023-04-27T12:54:02.013] [INFO] default - Database connected successfully.
[2023-04-27T12:54:02.015] [INFO] default - Server up in http://localhost:5000 - MODE: development
[2023-04-27T12:54:04.353] [INFO] default - Database disconnected.
[2023-04-27T12:54:37.538] [INFO] default - Database connected successfully.
[2023-04-27T12:54:37.540] [INFO] default - Server up in http://localhost:5000 - MODE: development
[2023-04-27T12:54:40.025] [INFO] default - Database disconnected.
[2023-04-27T12:54:53.084] [INFO] default - Database connected successfully.
[2023-04-27T12:54:53.086] [INFO] default - Server up in http://localhost:5000 - MODE: development
[2023-04-27T12:54:56.032] [INFO] default - Database disconnected.
[2023-04-27T12:55:10.117] [INFO] default - Database connected successfully.
[2023-04-27T12:55:10.120] [INFO] default - Server up in http://localhost:5000 - MODE: development
[2023-04-27T12:55:12.562] [INFO] default - Database disconnected.
[2023-04-27T13:03:16.387] [INFO] default - Database connected successfully.
[2023-04-27T13:03:16.390] [INFO] default - Server up in http://localhost:5000 - MODE: development
[2023-04-27T13:03:19.199] [INFO] default - Database disconnected.
[2023-04-27T13:04:43.948] [INFO] default - Database connected successfully.
[2023-04-27T13:04:43.951] [INFO] default - Server up in http://localhost:5000 - MODE: development
[2023-04-27T13:04:46.952] [INFO] default - Database disconnected.
[2023-04-27T13:06:42.550] [INFO] default - Database connected successfully.
[2023-04-27T13:06:42.553] [INFO] default - Server up in http://localhost:5000 - MODE: development
[2023-04-27T13:06:45.582] [INFO] default - Database disconnected.
[2023-04-27T13:07:18.120] [INFO] default - Database connected successfully.
[2023-04-27T13:07:18.122] [INFO] default - Server up in http://localhost:5000 - MODE: development
[2023-04-27T13:07:20.752] [INFO] default - Database disconnected.
[2023-04-27T13:07:34.454] [INFO] default - Database connected successfully.
[2023-04-27T13:07:34.455] [INFO] default - Server up in http://localhost:5000 - MODE: development
[2023-04-27T13:07:37.032] [INFO] default - Database disconnected.
[2023-04-27T13:07:58.479] [INFO] default - Database connected successfully.
[2023-04-27T13:07:58.481] [INFO] default - Server up in http://localhost:5000 - MODE: development
[2023-04-27T13:08:01.389] [ERROR] default - Cannot convert undefined or null to object
[2023-04-27T13:08:01.461] [INFO] default - Database disconnected.
[2023-04-27T13:09:14.316] [INFO] default - Database connected successfully.
[2023-04-27T13:09:14.318] [INFO] default - Server up in http://localhost:5000 - MODE: development
[2023-04-27T13:09:17.108] [INFO] default - Database disconnected.
[2023-04-27T13:09:51.069] [INFO] default - Database connected successfully.
[2023-04-27T13:09:51.071] [INFO] default - Server up in http://localhost:5000 - MODE: development
[2023-04-27T13:09:53.745] [INFO] default - Database disconnected.
[2023-04-27T13:10:41.468] [INFO] default - Database connected successfully.
[2023-04-27T13:10:41.470] [INFO] default - Server up in http://localhost:5000 - MODE: development
[2023-04-27T13:10:42.642] [INFO] default - Database disconnected.
[2023-04-27T13:11:36.656] [INFO] default - Database connected successfully.
[2023-04-27T13:11:36.659] [INFO] default - Server up in http://localhost:5000 - MODE: development
[2023-04-27T13:11:39.367] [INFO] default - Database disconnected.
[2023-04-27T13:15:03.397] [INFO] default - Database connected successfully.
[2023-04-27T13:15:03.400] [INFO] default - Server up in http://localhost:5000 - MODE: development
[2023-04-27T13:15:06.856] [INFO] default - Database disconnected.
[2023-04-27T13:15:13.459] [INFO] default - Database connected successfully.
[2023-04-27T13:15:13.462] [INFO] default - Server up in http://localhost:5000 - MODE: development
[2023-04-27T13:15:16.564] [INFO] default - Database disconnected.
[2023-04-27T13:15:51.899] [INFO] default - Database connected successfully.
[2023-04-27T13:15:51.901] [INFO] default - Server up in http://localhost:5000 - MODE: development
[2023-04-27T13:15:54.837] [INFO] default - Database disconnected.
[2023-04-27T13:16:07.549] [INFO] default - Database connected successfully.
[2023-04-27T13:16:07.552] [INFO] default - Server up in http://localhost:5000 - MODE: development
[2023-04-27T13:16:10.592] [INFO] default - Database disconnected.
[2023-04-27T13:16:30.495] [INFO] default - Database connected successfully.
[2023-04-27T13:16:30.502] [INFO] default - Server up in http://localhost:5000 - MODE: development
[2023-04-27T13:16:33.534] [INFO] default - Database disconnected.
[2023-04-27T13:16:47.110] [INFO] default - Database connected successfully.
[2023-04-27T13:16:47.114] [INFO] default - Server up in http://localhost:5000 - MODE: development
[2023-04-27T13:16:50.379] [INFO] default - Database disconnected.
[2023-04-27T13:35:41.744] [INFO] default - Database connected successfully.
[2023-04-27T13:35:41.749] [INFO] default - Server up in http://localhost:5000 - MODE: development
[2023-04-27T13:35:44.979] [INFO] default - Database disconnected.
[2023-04-27T13:40:05.402] [INFO] default - Database connected successfully.
[2023-04-27T13:40:05.406] [INFO] default - Server up in http://localhost:5000 - MODE: development
[2023-04-27T13:40:08.749] [INFO] default - Database disconnected.
[2023-04-27T13:40:33.579] [INFO] default - Database connected successfully.
[2023-04-27T13:40:33.581] [INFO] default - Server up in http://localhost:5000 - MODE: development
[2023-04-27T13:40:37.041] [INFO] default - Database disconnected.
[2023-04-27T13:41:01.389] [INFO] default - Database connected successfully.
[2023-04-27T13:41:01.393] [INFO] default - Server up in http://localhost:5000 - MODE: development
[2023-04-27T13:41:04.801] [INFO] default - Database disconnected.
[2023-04-27T13:41:16.002] [INFO] default - Database connected successfully.
[2023-04-27T13:41:16.005] [INFO] default - Server up in http://localhost:5000 - MODE: development
[2023-04-27T13:41:19.624] [INFO] default - Database disconnected.
[2023-04-27T13:47:03.932] [INFO] default - Database connected successfully.
[2023-04-27T13:47:03.935] [INFO] default - Server up in http://localhost:5000 - MODE: development
[2023-04-27T13:47:07.440] [INFO] default - Database disconnected.
[2023-04-27T13:47:17.759] [INFO] default - Database connected successfully.
[2023-04-27T13:47:17.760] [INFO] default - Server up in http://localhost:5000 - MODE: development
[2023-04-27T13:47:21.075] [INFO] default - Database disconnected.
[2023-04-27T13:48:02.182] [INFO] default - Database connected successfully.
[2023-04-27T13:48:02.184] [INFO] default - Server up in http://localhost:5000 - MODE: development
[2023-04-27T13:48:05.774] [INFO] default - Database disconnected.
[2023-04-27T13:48:15.156] [INFO] default - Database connected successfully.
[2023-04-27T13:48:15.159] [INFO] default - Server up in http://localhost:5000 - MODE: development
[2023-04-27T13:48:18.945] [INFO] default - Database disconnected.
[2023-04-27T13:49:00.761] [INFO] default - Database connected successfully.
[2023-04-27T13:49:00.763] [INFO] default - Server up in http://localhost:5000 - MODE: development
[2023-04-27T13:49:04.514] [INFO] default - Database disconnected.
[2023-04-27T13:49:16.219] [INFO] default - Database connected successfully.
[2023-04-27T13:49:16.221] [INFO] default - Server up in http://localhost:5000 - MODE: development
[2023-04-27T13:49:19.952] [INFO] default - Database disconnected.
[2023-04-27T17:23:22.425] [ERROR] default - Error: connect ECONNREFUSED 127.0.0.1:27017
[2023-04-27T17:23:27.352] [INFO] default - Operation `platforms.deleteMany()` buffering timed out after 10000ms
[2023-04-27T17:23:32.406] [INFO] default - Operation `platforms.deleteMany()` buffering timed out after 10000ms
[2023-04-27T17:23:37.421] [INFO] default - Operation `platforms.deleteMany()` buffering timed out after 10000ms
[2023-04-27T17:23:42.430] [INFO] default - Operation `platforms.deleteMany()` buffering timed out after 10000ms
[2023-04-27T17:23:47.434] [INFO] default - Operation `platforms.deleteMany()` buffering timed out after 10000ms
[2023-04-27T17:23:52.448] [INFO] default - Operation `platforms.deleteMany()` buffering timed out after 10000ms
[2023-04-27T17:23:57.456] [INFO] default - Operation `platforms.deleteMany()` buffering timed out after 10000ms
[2023-04-27T17:24:02.464] [INFO] default - Operation `platforms.deleteMany()` buffering timed out after 10000ms
[2023-04-27T17:24:07.474] [INFO] default - Operation `platforms.deleteMany()` buffering timed out after 10000ms
[2023-04-27T17:24:22.148] [INFO] default - Database connected successfully.
[2023-04-27T17:24:22.177] [INFO] default - Server up in http://localhost:5000 - MODE: development
[2023-04-27T17:24:26.270] [INFO] default - Database disconnected.
[2023-04-27T17:25:29.379] [INFO] default - Database connected successfully.
[2023-04-27T17:25:29.382] [INFO] default - Server up in http://localhost:5000 - MODE: development
[2023-04-27T17:25:33.632] [INFO] default - Database disconnected.
[2023-04-27T17:25:47.286] [INFO] default - Database connected successfully.
[2023-04-27T17:25:47.289] [INFO] default - Server up in http://localhost:5000 - MODE: development
[2023-04-27T17:25:51.727] [INFO] default - Database disconnected.
[2023-04-27T17:26:20.786] [INFO] default - Database connected successfully.
[2023-04-27T17:26:20.788] [INFO] default - Server up in http://localhost:5000 - MODE: development
[2023-04-27T17:26:25.324] [INFO] default - Database disconnected.
[2023-04-27T17:27:16.098] [INFO] default - Database connected successfully.
[2023-04-27T17:27:16.100] [INFO] default - Server up in http://localhost:5000 - MODE: development
[2023-04-27T17:27:20.373] [INFO] default - Database disconnected.
[2023-04-27T17:27:45.420] [INFO] default - Database connected successfully.
[2023-04-27T17:27:45.422] [INFO] default - Server up in http://localhost:5000 - MODE: development
[2023-04-27T17:27:50.113] [INFO] default - Database disconnected.
[2023-04-27T17:29:16.958] [INFO] default - Database connected successfully.
[2023-04-27T17:29:16.961] [INFO] default - Server up in http://localhost:5000 - MODE: development
[2023-04-27T17:29:21.339] [INFO] default - Database disconnected.
[2023-04-27T17:29:35.955] [INFO] default - Database connected successfully.
[2023-04-27T17:29:35.957] [INFO] default - Server up in http://localhost:5000 - MODE: development
[2023-04-27T17:29:40.676] [INFO] default - Database disconnected.
[2023-04-27T17:30:29.478] [INFO] default - Database connected successfully.
[2023-04-27T17:30:29.481] [INFO] default - Server up in http://localhost:5000 - MODE: development
[2023-04-27T17:30:34.002] [INFO] default - Database disconnected.
[2023-04-27T17:30:47.716] [INFO] default - Database connected successfully.
[2023-04-27T17:30:47.719] [INFO] default - Server up in http://localhost:5000 - MODE: development
[2023-04-27T17:30:52.210] [INFO] default - Database disconnected.
[2023-04-27T17:31:38.815] [INFO] default - Database connected successfully.
[2023-04-27T17:31:38.818] [INFO] default - Server up in http://localhost:5000 - MODE: development
[2023-04-27T17:31:43.851] [INFO] default - Database disconnected.
[2023-04-27T17:31:56.506] [INFO] default - Database connected successfully.
[2023-04-27T17:31:56.508] [INFO] default - Server up in http://localhost:5000 - MODE: development
[2023-04-27T17:32:01.300] [INFO] default - Database disconnected.
[2023-04-27T17:32:51.829] [INFO] default - Database connected successfully.
[2023-04-27T17:32:51.831] [INFO] default - Server up in http://localhost:5000 - MODE: development
[2023-04-27T17:32:56.711] [INFO] default - Database disconnected.
[2023-04-27T17:33:12.797] [INFO] default - Database connected successfully.
[2023-04-27T17:33:12.801] [INFO] default - Server up in http://localhost:5000 - MODE: development
[2023-04-27T17:33:18.404] [INFO] default - Database disconnected.
[2023-04-27T17:37:03.792] [INFO] default - Database connected successfully.
[2023-04-27T17:37:03.794] [INFO] default - Server up in http://localhost:5000 - MODE: development
[2023-04-27T17:37:08.842] [INFO] default - Database disconnected.
[2023-04-27T17:37:19.106] [INFO] default - Database connected successfully.
[2023-04-27T17:37:19.110] [INFO] default - Server up in http://localhost:5000 - MODE: development
[2023-04-27T17:37:24.655] [INFO] default - Database disconnected.
[2023-04-27T17:42:33.146] [INFO] default - Database connected successfully.
[2023-04-27T17:42:33.151] [INFO] default - Server up in http://localhost:5000 - MODE: development
[2023-04-27T17:42:38.493] [INFO] default - Database disconnected.
[2023-04-27T17:43:08.747] [INFO] default - Database connected successfully.
[2023-04-27T17:43:08.750] [INFO] default - Server up in http://localhost:5000 - MODE: development
[2023-04-27T17:43:14.145] [INFO] default - Database disconnected.
[2023-04-27T17:52:01.014] [INFO] default - Database connected successfully.
[2023-04-27T17:52:01.017] [INFO] default - Server up in http://localhost:5000 - MODE: development
[2023-04-27T17:52:06.659] [ERROR] default - Cast to ObjectId failed for value "sdasd" (type string) at path "_id" for model "games"
[2023-04-27T17:52:06.660] [ERROR] default - CastError: Cast to ObjectId failed for value "sdasd" (type string) at path "_id" for model "games"
[2023-04-27T17:52:06.772] [INFO] default - Database disconnected.
[2023-04-27T17:52:54.511] [INFO] default - Database connected successfully.
[2023-04-27T17:52:54.513] [INFO] default - Server up in http://localhost:5000 - MODE: development
[2023-04-27T17:53:00.215] [INFO] default - Database disconnected.
[2023-04-27T17:53:10.612] [INFO] default - Database connected successfully.
[2023-04-27T17:53:10.614] [INFO] default - Server up in http://localhost:5000 - MODE: development
[2023-04-27T17:53:16.303] [INFO] default - Database disconnected.
